# JRE version: Java(TM) SE Runtime Environment (23.0.1+11) (build 23.0.1+11-39)
# Java VM: Java HotSpot(TM) 64-Bit Server VM (23.0.1+11-39, mixed mode, sharing, tiered, compressed oops, compressed class ptrs, g1 gc, windows-amd64)
GC Precious Log:
 CardTable entry size: 512
 Card Set container configuration: InlinePtr #cards 5 size 8 Array Of Cards #cards 10 size 36 Howl #buckets 4 coarsen threshold 1843 Howl Bitmap #cards 512 size 80 coarsen threshold 460 Card regions per heap region 1 cards per card region 2048
 CPUs: 4 total, 4 available
 Memory: 3918M
 Large Page Support: Disabled
 NUMA Support: Disabled
 Compressed Oops: Enabled (32-bit)
 Heap Region Size: 1M
 Heap Min Capacity: 8M
 Heap Initial Capacity: 62M
 Heap Max Capacity: 980M
 Pre-touch: Disabled
 Parallel Workers: 4
 Concurrent Workers: 1
 Concurrent Refinement Workers: 4
 Periodic GC: Disabled
Heap:
 garbage-first heap   total reserved 1003520K, committed 136192K, used 70078K [0x00000000c2c00000, 0x0000000100000000)
  region size 1024K, 19 young (19456K), 5 survivors (5120K)
 Metaspace       used 87672K, committed 88384K, reserved 1179648K
  class space    used 12291K, committed 12608K, reserved 1048576K
GC Heap History (20 events):
Event: 27.692 GC heap before
{Heap before GC invocations=37 (full 0):
 garbage-first heap   total reserved 1003520K, committed 73728K, used 63428K [0x00000000c2c00000, 0x0000000100000000)
  region size 1024K, 27 young (27648K), 3 survivors (3072K)
 Metaspace       used 82415K, committed 83136K, reserved 1179648K
  class space    used 11593K, committed 11904K, reserved 1048576K
}
Event: 27.704 GC heap after
{Heap after GC invocations=38 (full 0):
 garbage-first heap   total reserved 1003520K, committed 73728K, used 40314K [0x00000000c2c00000, 0x0000000100000000)
  region size 1024K, 3 young (3072K), 3 survivors (3072K)
 Metaspace       used 82415K, committed 83136K, reserved 1179648K
  class space    used 11593K, committed 11904K, reserved 1048576K
}
Event: 27.930 GC heap before
{Heap before GC invocations=38 (full 0):
 garbage-first heap   total reserved 1003520K, committed 73728K, used 64890K [0x00000000c2c00000, 0x0000000100000000)
  region size 1024K, 27 young (27648K), 3 survivors (3072K)
 Metaspace       used 82616K, committed 83328K, reserved 1179648K
  class space    used 11605K, committed 11904K, reserved 1048576K
}
Event: 27.938 GC heap after
{Heap after GC invocations=39 (full 0):
 garbage-first heap   total reserved 1003520K, committed 73728K, used 42713K [0x00000000c2c00000, 0x0000000100000000)
  region size 1024K, 4 young (4096K), 4 survivors (4096K)
 Metaspace       used 82616K, committed 83328K, reserved 1179648K
  class space    used 11605K, committed 11904K, reserved 1048576K
}
Event: 28.021 GC heap before
{Heap before GC invocations=39 (full 0):
 garbage-first heap   total reserved 1003520K, committed 73728K, used 64217K [0x00000000c2c00000, 0x0000000100000000)
  region size 1024K, 25 young (25600K), 4 survivors (4096K)
 Metaspace       used 82618K, committed 83328K, reserved 1179648K
  class space    used 11605K, committed 11904K, reserved 1048576K
}
Event: 28.029 GC heap after
{Heap after GC invocations=40 (full 0):
 garbage-first heap   total reserved 1003520K, committed 89088K, used 43687K [0x00000000c2c00000, 0x0000000100000000)
  region size 1024K, 3 young (3072K), 3 survivors (3072K)
 Metaspace       used 82618K, committed 83328K, reserved 1179648K
  class space    used 11605K, committed 11904K, reserved 1048576K
}
Event: 28.214 GC heap before
{Heap before GC invocations=41 (full 0):
 garbage-first heap   total reserved 1003520K, committed 89088K, used 80551K [0x00000000c2c00000, 0x0000000100000000)
  region size 1024K, 39 young (39936K), 3 survivors (3072K)
 Metaspace       used 82626K, committed 83328K, reserved 1179648K
  class space    used 11607K, committed 11904K, reserved 1048576K
}
Event: 28.219 GC heap after
{Heap after GC invocations=42 (full 0):
 garbage-first heap   total reserved 1003520K, committed 89088K, used 44032K [0x00000000c2c00000, 0x0000000100000000)
  region size 1024K, 3 young (3072K), 3 survivors (3072K)
 Metaspace       used 82626K, committed 83328K, reserved 1179648K
  class space    used 11607K, committed 11904K, reserved 1048576K
}
Event: 28.334 GC heap before
{Heap before GC invocations=42 (full 0):
 garbage-first heap   total reserved 1003520K, committed 89088K, used 76800K [0x00000000c2c00000, 0x0000000100000000)
  region size 1024K, 35 young (35840K), 3 survivors (3072K)
 Metaspace       used 82629K, committed 83328K, reserved 1179648K
  class space    used 11608K, committed 11904K, reserved 1048576K
}
Event: 28.338 GC heap after
{Heap after GC invocations=43 (full 0):
 garbage-first heap   total reserved 1003520K, committed 89088K, used 41628K [0x00000000c2c00000, 0x0000000100000000)
  region size 1024K, 1 young (1024K), 1 survivors (1024K)
 Metaspace       used 82629K, committed 83328K, reserved 1179648K
  class space    used 11608K, committed 11904K, reserved 1048576K
}
Event: 28.526 GC heap before
{Heap before GC invocations=43 (full 0):
 garbage-first heap   total reserved 1003520K, committed 89088K, used 76444K [0x00000000c2c00000, 0x0000000100000000)
  region size 1024K, 35 young (35840K), 1 survivors (1024K)
 Metaspace       used 82730K, committed 83392K, reserved 1179648K
  class space    used 11616K, committed 11904K, reserved 1048576K
}
Event: 28.531 GC heap after
{Heap after GC invocations=44 (full 0):
 garbage-first heap   total reserved 1003520K, committed 89088K, used 43045K [0x00000000c2c00000, 0x0000000100000000)
  region size 1024K, 2 young (2048K), 2 survivors (2048K)
 Metaspace       used 82730K, committed 83392K, reserved 1179648K
  class space    used 11616K, committed 11904K, reserved 1048576K
}
Event: 29.255 GC heap before
{Heap before GC invocations=45 (full 0):
 garbage-first heap   total reserved 1003520K, committed 89088K, used 78885K [0x00000000c2c00000, 0x0000000100000000)
  region size 1024K, 37 young (37888K), 2 survivors (2048K)
 Metaspace       used 83148K, committed 83904K, reserved 1179648K
  class space    used 11646K, committed 11968K, reserved 1048576K
}
Event: 29.264 GC heap after
{Heap after GC invocations=46 (full 0):
 garbage-first heap   total reserved 1003520K, committed 89088K, used 46258K [0x00000000c2c00000, 0x0000000100000000)
  region size 1024K, 5 young (5120K), 5 survivors (5120K)
 Metaspace       used 83148K, committed 83904K, reserved 1179648K
  class space    used 11646K, committed 11968K, reserved 1048576K
}
Event: 29.422 GC heap before
{Heap before GC invocations=46 (full 0):
 garbage-first heap   total reserved 1003520K, committed 89088K, used 78002K [0x00000000c2c00000, 0x0000000100000000)
  region size 1024K, 36 young (36864K), 5 survivors (5120K)
 Metaspace       used 83181K, committed 83904K, reserved 1179648K
  class space    used 11650K, committed 11968K, reserved 1048576K
}
Event: 29.440 GC heap after
{Heap after GC invocations=47 (full 0):
 garbage-first heap   total reserved 1003520K, committed 91136K, used 51635K [0x00000000c2c00000, 0x0000000100000000)
  region size 1024K, 5 young (5120K), 5 survivors (5120K)
 Metaspace       used 83181K, committed 83904K, reserved 1179648K
  class space    used 11650K, committed 11968K, reserved 1048576K
}
Event: 29.856 GC heap before
{Heap before GC invocations=47 (full 0):
 garbage-first heap   total reserved 1003520K, committed 91136K, used 80307K [0x00000000c2c00000, 0x0000000100000000)
  region size 1024K, 33 young (33792K), 5 survivors (5120K)
 Metaspace       used 83784K, committed 84480K, reserved 1179648K
  class space    used 11699K, committed 12032K, reserved 1048576K
}
Event: 29.865 GC heap after
{Heap after GC invocations=48 (full 0):
 garbage-first heap   total reserved 1003520K, committed 136192K, used 53214K [0x00000000c2c00000, 0x0000000100000000)
  region size 1024K, 2 young (2048K), 2 survivors (2048K)
 Metaspace       used 83784K, committed 84480K, reserved 1179648K
  class space    used 11699K, committed 12032K, reserved 1048576K
}
Event: 31.556 GC heap before
{Heap before GC invocations=49 (full 0):
 garbage-first heap   total reserved 1003520K, committed 136192K, used 113630K [0x00000000c2c00000, 0x0000000100000000)
  region size 1024K, 61 young (62464K), 2 survivors (2048K)
 Metaspace       used 86883K, committed 87616K, reserved 1179648K
  class space    used 12165K, committed 12480K, reserved 1048576K
}
Event: 31.567 GC heap after
{Heap after GC invocations=50 (full 0):
 garbage-first heap   total reserved 1003520K, committed 136192K, used 56766K [0x00000000c2c00000, 0x0000000100000000)
  region size 1024K, 5 young (5120K), 5 survivors (5120K)
 Metaspace       used 86883K, committed 87616K, reserved 1179648K
  class space    used 12165K, committed 12480K, reserved 1048576K
}

